<?xml version="1.0" encoding="UTF-8"?>
<testng-results skipped="0" failed="0" ignored="0" total="1" passed="1">
  <reporter-output>
  </reporter-output>
  <suite name="Default suite" duration-ms="71655" started-at="2019-09-11T10:19:13Z" finished-at="2019-09-11T10:20:24Z">
    <groups>
    </groups>
    <test name="Default test" duration-ms="71655" started-at="2019-09-11T10:19:13Z" finished-at="2019-09-11T10:20:24Z">
      <class name="com.trivago.testCases.TrivagoCompanyTestClass">
        <test-method status="PASS" signature="initialize()[pri:0, instance:com.trivago.testCases.TrivagoCompanyTestClass@754ba872]" name="initialize" is-config="true" duration-ms="19814" started-at="2019-09-11T10:18:53Z" finished-at="2019-09-11T10:19:13Z">
          <reporter-output>
          </reporter-output>
        </test-method> <!-- initialize -->
        <test-method status="PASS" signature="navigateToJobListPage()[pri:0, instance:com.trivago.testCases.TrivagoCompanyTestClass@754ba872]" name="navigateToJobListPage" duration-ms="71584" started-at="2019-09-11T10:19:13Z" finished-at="2019-09-11T10:20:24Z">
          <reporter-output>
          </reporter-output>
        </test-method> <!-- navigateToJobListPage -->
        <test-method status="PASS" signature="tearDown()[pri:0, instance:com.trivago.testCases.TrivagoCompanyTestClass@754ba872]" name="tearDown" is-config="true" duration-ms="941" started-at="2019-09-11T10:20:24Z" finished-at="2019-09-11T10:20:25Z">
          <reporter-output>
          </reporter-output>
        </test-method> <!-- tearDown -->
      </class> <!-- com.trivago.testCases.TrivagoCompanyTestClass -->
    </test> <!-- Default test -->
  </suite> <!-- Default suite -->
</testng-results>
